<?xml version="1.0" encoding="UTF-8"?>
<testsuite xmlns:xsi="http://www.w3.org/2001/XMLSchema-instance" xsi:noNamespaceSchemaLocation="https://maven.apache.org/surefire/maven-surefire-plugin/xsd/surefire-test-report.xsd" version="3.0.2" name="ai.innergrow.memory.MemoryApplicationTests" time="4.148" tests="1" errors="0" skipped="0" failures="0">
  <properties>
[...]
</properties>
  <testcase name="contextLoads" classname="ai.innergrow.memory.MemoryApplicationTests" time="0.26">
    <system-out><![CDATA[10:11:29.992 [main] INFO org.springframework.test.context.support.AnnotationConfigContextLoaderUtils -- Could not detect default configuration classes for test class [ai.innergrow.memory.MemoryApplicationTests]: MemoryApplicationTests does not declare any static, non-private, non-final, nested classes annotated with @Configuration.
10:11:30.065 [main] INFO org.springframework.boot.test.context.SpringBootTestContextBootstrapper -- Found @SpringBootConfiguration ai.innergrow.memory.MemoryApplication for test class ai.innergrow.memory.MemoryApplicationTests
10:11:30.196 [main] INFO org.springframework.boot.devtools.restart.RestartApplicationListener -- Restart disabled due to context in which it is running

  .   ____          _            __ _ _
 /\\ / ___'_ __ _ _(_)_ __  __ _ \ \ \ \
( ( )\___ | '_ | '_| | '_ \/ _` | \ \ \ \
 \\/  ___)| |_)| | | | | || (_| |  ) ) ) )
  '  |____| .__|_| |_|_| |_\__, | / / / /
 =========|_|==============|___/=/_/_/_/

 :: Spring Boot ::      (v3.5.10-SNAPSHOT)

2026-01-17T10:11:30.348+08:00  INFO 52377 --- [memory-test] [           main] a.i.memory.MemoryApplicationTests        : Starting MemoryApplicationTests using Java 25 with PID 52377 (started by lousiyuan in /Users/lousiyuan/memory.innergrow.ai)
2026-01-17T10:11:30.349+08:00  INFO 52377 --- [memory-test] [           main] a.i.memory.MemoryApplicationTests        : No active profile set, falling back to 1 default profile: "default"
2026-01-17T10:11:31.041+08:00  INFO 52377 --- [memory-test] [           main] .s.d.r.c.RepositoryConfigurationDelegate : Bootstrapping Spring Data JPA repositories in DEFAULT mode.
2026-01-17T10:11:31.128+08:00  INFO 52377 --- [memory-test] [           main] .s.d.r.c.RepositoryConfigurationDelegate : Finished Spring Data repository scanning in 81 ms. Found 6 JPA repository interfaces.
2026-01-17T10:11:31.510+08:00  INFO 52377 --- [memory-test] [           main] o.hibernate.jpa.internal.util.LogHelper  : HHH000204: Processing PersistenceUnitInfo [name: default]
2026-01-17T10:11:31.548+08:00  INFO 52377 --- [memory-test] [           main] org.hibernate.Version                    : HHH000412: Hibernate ORM core version 6.6.40.Final
2026-01-17T10:11:31.568+08:00  INFO 52377 --- [memory-test] [           main] o.h.c.internal.RegionFactoryInitiator    : HHH000026: Second-level cache disabled
2026-01-17T10:11:31.728+08:00  INFO 52377 --- [memory-test] [           main] o.s.o.j.p.SpringPersistenceUnitInfo      : No LoadTimeWeaver setup: ignoring JPA class transformer
2026-01-17T10:11:31.745+08:00  INFO 52377 --- [memory-test] [           main] com.zaxxer.hikari.HikariDataSource       : HikariPool-1 - Starting...
2026-01-17T10:11:31.837+08:00  INFO 52377 --- [memory-test] [           main] com.zaxxer.hikari.pool.HikariPool        : HikariPool-1 - Added connection conn0: url=jdbc:h2:mem:testdb user=SA
2026-01-17T10:11:31.837+08:00  INFO 52377 --- [memory-test] [           main] com.zaxxer.hikari.HikariDataSource       : HikariPool-1 - Start completed.
2026-01-17T10:11:31.853+08:00  WARN 52377 --- [memory-test] [           main] org.hibernate.orm.deprecation            : HHH90000025: H2Dialect does not need to be specified explicitly using 'hibernate.dialect' (remove the property setting and it will be selected by default)
2026-01-17T10:11:31.864+08:00  INFO 52377 --- [memory-test] [           main] org.hibernate.orm.connections.pooling    : HHH10001005: Database info:
	Database JDBC URL [Connecting through datasource 'HikariDataSource (HikariPool-1)']
	Database driver: undefined/unknown
	Database version: 2.3.232
	Autocommit mode: undefined/unknown
	Isolation level: undefined/unknown
	Minimum pool size: undefined/unknown
	Maximum pool size: undefined/unknown
2026-01-17T10:11:32.397+08:00  INFO 52377 --- [memory-test] [           main] o.h.e.t.j.p.i.JtaPlatformInitiator       : HHH000489: No JTA platform available (set 'hibernate.transaction.jta.platform' to enable JTA platform integration)
2026-01-17T10:11:32.418+08:00  INFO 52377 --- [memory-test] [           main] j.LocalContainerEntityManagerFactoryBean : Initialized JPA EntityManagerFactory for persistence unit 'default'
2026-01-17T10:11:33.174+08:00  WARN 52377 --- [memory-test] [           main] JpaBaseConfiguration$JpaWebConfiguration : spring.jpa.open-in-view is enabled by default. Therefore, database queries may be performed during view rendering. Explicitly configure spring.jpa.open-in-view to disable this warning
2026-01-17T10:11:33.386+08:00  INFO 52377 --- [memory-test] [           main] o.s.b.a.e.web.EndpointLinksResolver      : Exposing 1 endpoint beneath base path '/actuator'
2026-01-17T10:11:33.409+08:00  WARN 52377 --- [memory-test] [           main] .s.s.UserDetailsServiceAutoConfiguration : 

Using generated security password: d8ad70e7-98bd-4a49-bce4-09fa7ea80fe8

This generated password is for development use only. Your security configuration must be updated before running your application in production.

2026-01-17T10:11:33.414+08:00  INFO 52377 --- [memory-test] [           main] r$InitializeUserDetailsManagerConfigurer : Global AuthenticationManager configured with UserDetailsService bean with name inMemoryUserDetailsManager
2026-01-17T10:11:33.762+08:00  INFO 52377 --- [memory-test] [           main] a.i.memory.MemoryApplicationTests        : Started MemoryApplicationTests in 3.576 seconds (process running for 4.125)
]]></system-out>
    <system-err><![CDATA[Mockito is currently self-attaching to enable the inline-mock-maker. This will no longer work in future releases of the JDK. Please add Mockito as an agent to your build as described in Mockito's documentation: https://javadoc.io/doc/org.mockito/mockito-core/latest/org.mockito/org/mockito/Mockito.html#0.3
WARNING: A Java agent has been loaded dynamically (/Users/lousiyuan/.m2/repository/net/bytebuddy/byte-buddy-agent/1.17.8/byte-buddy-agent-1.17.8.jar)
WARNING: If a serviceability tool is in use, please run with -XX:+EnableDynamicAgentLoading to hide this warning
WARNING: If a serviceability tool is not in use, please run with -Djdk.instrument.traceUsage for more information
WARNING: Dynamic loading of agents will be disallowed by default in a future release
]]></system-err>
  </testcase>
</testsuite>